<?xml version="1.0" encoding="UTF-8"?>
<!-- Generated by org.testng.reporters.JUnitReportReporter -->
<testsuite hostname="inbl01lap7065" failures="0" tests="1" name="com.qa.Testcases.AppointTest" time="23.023" errors="0" timestamp="19 Feb 2022 09:13:41 GMT" skipped="0">
  <testcase classname="com.qa.Testcases.AppointTest" name="validateAppointment" time="23.023"/>
</testsuite> <!-- com.qa.Testcases.AppointTest -->
