<?xml version="1.0" encoding="UTF-8"?>
<!-- Generated by org.testng.reporters.JUnitReportReporter -->
<testsuite hostname="inbl01lap7065" failures="0" tests="1" name="com.qa.Testcases.LoginTest" time="20.804" errors="0" timestamp="19 Feb 2022 10:59:35 GMT" skipped="0">
  <testcase classname="com.qa.Testcases.LoginTest" name="validateLogin" time="20.804"/>
</testsuite> <!-- com.qa.Testcases.LoginTest -->
